D:\contract_dl\lib.py - INFO - 2020-10-29 00:33:17,646 - 处理合同： CON190300049
D:\contract_dl\lib.py - INFO - 2020-10-29 00:33:19,945 - 下载：杨颖-登记证1.jpg
D:\contract_dl\lib.py - INFO - 2020-10-29 00:33:21,588 - 下载：杨颖-登记证2.jpg
D:\contract_dl\lib.py - INFO - 2020-10-29 00:33:23,597 - 下载：杨颖-大票.pdf
D:\contract_dl\lib.py - INFO - 2020-10-29 00:33:23,783 - 处理结束

D:\contract_dl\lib.py - INFO - 2020-10-29 00:33:23,784 - 处理合同： CON190900950
D:\contract_dl\lib.py - WARNING - 2020-10-29 00:33:25,365 - 合同无相关文件： CON190900950
D:\contract_dl\lib.py - INFO - 2020-10-29 00:33:25,365 - 处理结束

D:\contract_dl\lib.py - INFO - 2020-10-29 00:33:25,365 - 处理合同： CON200600019
D:\contract_dl\lib.py - INFO - 2020-10-29 00:33:26,805 - 下载：赵玉红产证1.JPG
D:\contract_dl\lib.py - INFO - 2020-10-29 00:33:28,131 - 下载：发票.jpg
D:\contract_dl\lib.py - INFO - 2020-10-29 00:33:28,626 - 下载：赵玉红产证2.JPG
D:\contract_dl\lib.py - INFO - 2020-10-29 00:33:30,016 - 处理结束

D:\contract_dl\lib.py - INFO - 2020-10-29 00:33:30,016 - 处理合同： CON200400135
D:\contract_dl\lib.py - INFO - 2020-10-29 01:34:16,958 - 处理合同： CON190300049
D:\contract_dl\lib.py - INFO - 2020-10-29 01:34:18,874 - 下载：杨颖-登记证1.jpg
D:\contract_dl\lib.py - INFO - 2020-10-29 01:34:20,691 - 下载：杨颖-登记证2.jpg
D:\contract_dl\lib.py - INFO - 2020-10-29 01:34:22,743 - 下载：杨颖-大票.pdf
D:\contract_dl\lib.py - INFO - 2020-10-29 01:34:22,891 - 处理结束

D:\contract_dl\lib.py - INFO - 2020-10-29 01:34:23,207 - 处理合同： CON190900950
D:\contract_dl\lib.py - WARNING - 2020-10-29 01:34:25,053 - 合同无相关文件： CON190900950
D:\contract_dl\lib.py - INFO - 2020-10-29 01:34:25,053 - 处理结束

D:\contract_dl\lib.py - INFO - 2020-10-29 01:34:25,459 - 处理合同： CON200600019
D:\contract_dl\lib.py - INFO - 2020-10-29 01:34:27,184 - 下载：赵玉红产证1.JPG
D:\contract_dl\lib.py - INFO - 2020-10-29 01:34:28,583 - 下载：发票.jpg
D:\contract_dl\lib.py - INFO - 2020-10-29 01:34:29,298 - 下载：赵玉红产证2.JPG
D:\contract_dl\lib.py - INFO - 2020-10-29 01:34:30,759 - 处理结束

D:\contract_dl\lib.py - INFO - 2020-10-29 01:34:31,191 - 处理合同： CON200400135
D:\contract_dl\lib.py - INFO - 2020-10-29 01:34:32,791 - 下载：产证信息页2.jpg
D:\contract_dl\lib.py - INFO - 2020-10-29 01:34:34,443 - 下载：产证信息页1.jpg
D:\contract_dl\lib.py - INFO - 2020-10-29 01:34:36,226 - 下载：发票.jpg
D:\contract_dl\lib.py - INFO - 2020-10-29 01:34:37,364 - 处理结束

D:\contract_dl\lib.py - INFO - 2020-10-29 01:34:37,855 - 处理合同： CON200901658
D:\contract_dl\lib.py - INFO - 2020-10-29 01:34:39,560 - 下载：CON200901658.jpg
D:\contract_dl\lib.py - INFO - 2020-10-29 01:34:41,397 - 下载：张群产证 (1).jpg
D:\contract_dl\lib.py - INFO - 2020-10-29 01:34:41,923 - 下载：张群产证 (2).jpg
D:\contract_dl\lib.py - INFO - 2020-10-29 01:34:42,499 - 处理结束

D:\contract_dl\lib.py - INFO - 2020-10-29 01:34:42,863 - 处理合同： CON191200438
D:\contract_dl\lib.py - INFO - 2020-10-29 01:34:44,597 - 下载：廖峥焱发票.jpg
D:\contract_dl\lib.py - INFO - 2020-10-29 01:34:44,899 - 下载：登记本2.jpg
D:\contract_dl\lib.py - INFO - 2020-10-29 01:34:45,489 - 下载：登记本1.jpg
D:\contract_dl\lib.py - INFO - 2020-10-29 01:34:45,931 - 处理结束

D:\contract_dl\lib.py - INFO - 2020-10-29 01:34:46,391 - 处理合同： CON190400137
D:\contract_dl\lib.py - INFO - 2020-10-29 01:34:47,664 - 下载：产证2.jpg
D:\contract_dl\lib.py - INFO - 2020-10-29 01:34:48,563 - 下载：发票.jpg
D:\contract_dl\lib.py - INFO - 2020-10-29 01:34:49,115 - 下载：王启程35609-黄石.jpg
D:\contract_dl\lib.py - INFO - 2020-10-29 01:34:52,325 - 下载：产证1.jpg
D:\contract_dl\lib.py - INFO - 2020-10-29 01:34:53,465 - 处理结束

D:\contract_dl\lib.py - INFO - 2020-10-29 01:34:53,842 - 处理合同： CON191200713
D:\contract_dl\lib.py - INFO - 2020-10-29 01:34:55,377 - 下载：发票.jpg
D:\contract_dl\lib.py - INFO - 2020-10-29 01:34:57,644 - 下载：登记本1.jpg
D:\contract_dl\lib.py - INFO - 2020-10-29 01:34:58,811 - 下载：登记本2.jpg
D:\contract_dl\lib.py - INFO - 2020-10-29 01:34:59,704 - 处理结束

D:\contract_dl\lib.py - INFO - 2020-10-29 01:35:00,167 - 处理合同： CON200700233
D:\contract_dl\lib.py - INFO - 2020-10-29 01:35:01,771 - 下载：产证1.jpg
D:\contract_dl\lib.py - INFO - 2020-10-29 01:35:02,715 - 下载：AWUHC25Y1420B008581C.pdf
D:\contract_dl\lib.py - INFO - 2020-10-29 01:35:03,355 - 下载：钱程78485-武汉.jpg
D:\contract_dl\lib.py - INFO - 2020-10-29 01:35:05,697 - 下载：钱程.pdf
D:\contract_dl\lib.py - INFO - 2020-10-29 01:35:06,187 - 下载：发票.jpg
D:\contract_dl\lib.py - INFO - 2020-10-29 01:35:07,138 - 下载：产证2.jpg
D:\contract_dl\lib.py - INFO - 2020-10-29 01:35:08,255 - 处理结束

D:\contract_dl\lib.py - INFO - 2020-10-29 01:35:08,718 - 处理合同： CON190900420_1
D:\contract_dl\lib.py - INFO - 2020-10-29 01:35:10,320 - 下载：左聪田产证.jpg
D:\contract_dl\lib.py - INFO - 2020-10-29 01:35:10,825 - 下载：左聪田产证 (1).jpg
D:\contract_dl\lib.py - WARNING - 2020-10-29 01:35:11,418 - 发票按钮处无相关文件： CON190900420_1
D:\contract_dl\lib.py - INFO - 2020-10-29 01:35:11,418 - 处理结束

D:\contract_dl\lib.py - INFO - 2020-10-29 01:35:11,878 - 处理合同： CON200900040
D:\contract_dl\lib.py - INFO - 2020-10-29 01:35:13,604 - 下载：产证1.jpg
D:\contract_dl\lib.py - INFO - 2020-10-29 01:35:16,089 - 下载：产证2.jpg
D:\contract_dl\lib.py - INFO - 2020-10-29 01:35:18,726 - 下载：二手发票.jpg
D:\contract_dl\lib.py - INFO - 2020-10-29 01:35:19,757 - 处理结束

D:\contract_dl\lib.py - INFO - 2020-10-29 01:35:20,231 - 处理合同： CON190900905_1
D:\contract_dl\lib.py - INFO - 2020-10-29 01:35:21,942 - 下载：产证2 (6).jpg
D:\contract_dl\lib.py - INFO - 2020-10-29 01:35:23,162 - 下载：产证1 (6).jpg
D:\contract_dl\lib.py - INFO - 2020-10-29 01:35:24,563 - 下载：发票 (2).jpg
D:\contract_dl\lib.py - INFO - 2020-10-29 01:35:25,870 - 处理结束

D:\contract_dl\lib.py - INFO - 2020-10-29 01:35:26,354 - 处理合同： CON190300206
D:\contract_dl\lib.py - INFO - 2020-10-29 01:35:28,072 - 下载：发票.jpg
D:\contract_dl\lib.py - INFO - 2020-10-29 01:35:30,212 - 下载：登记证书1.JPG
D:\contract_dl\lib.py - INFO - 2020-10-29 01:35:33,355 - 下载：登记证书2.JPG
D:\contract_dl\lib.py - INFO - 2020-10-29 01:35:36,328 - 处理结束

D:\contract_dl\lib.py - INFO - 2020-10-29 01:35:36,809 - 处理合同： CON200600612
D:\contract_dl\lib.py - INFO - 2020-10-29 01:35:38,366 - 下载：发票.jpg
D:\contract_dl\lib.py - INFO - 2020-10-29 01:35:38,827 - 下载：产证2.jpg
D:\contract_dl\lib.py - INFO - 2020-10-29 01:35:40,918 - 下载：产证1.jpg
D:\contract_dl\lib.py - INFO - 2020-10-29 01:35:43,183 - 处理结束

D:\contract_dl\lib.py - INFO - 2020-10-29 01:35:43,578 - 处理合同： CON200400219
D:\contract_dl\lib.py - INFO - 2020-10-29 01:35:45,236 - 下载：发票.jpg
D:\contract_dl\lib.py - INFO - 2020-10-29 01:35:48,013 - 下载：登记本1.jpg
D:\contract_dl\lib.py - INFO - 2020-10-29 01:35:51,342 - 下载：登记本2.jpg
D:\contract_dl\lib.py - INFO - 2020-10-29 01:35:53,636 - 处理结束

D:\contract_dl\lib.py - INFO - 2020-10-29 01:35:53,963 - 处理合同： CON200800571
D:\contract_dl\lib.py - INFO - 2020-10-29 01:35:55,674 - 下载：豫MGL945特约.pdf
D:\contract_dl\lib.py - INFO - 2020-10-29 01:35:56,149 - 下载：3885登记证书 (1).jpg
D:\contract_dl\lib.py - INFO - 2020-10-29 01:35:56,694 - 下载：3885发票.jpg
D:\contract_dl\lib.py - INFO - 2020-10-29 01:35:57,322 - 下载：3885登记证书 (2).jpg
D:\contract_dl\lib.py - INFO - 2020-10-29 01:35:57,867 - 处理结束

D:\contract_dl\lib.py - INFO - 2020-10-29 01:35:58,337 - 处理合同： CON200800572
D:\contract_dl\lib.py - INFO - 2020-10-29 01:35:59,861 - 下载：豫MGD944特约.pdf
D:\contract_dl\lib.py - INFO - 2020-10-29 01:36:00,308 - 下载：6485发票.jpg
D:\contract_dl\lib.py - INFO - 2020-10-29 01:36:01,084 - 下载：6485登记证书 (2).jpg
D:\contract_dl\lib.py - INFO - 2020-10-29 01:36:01,933 - 下载：6485登记证书 (1).jpg
D:\contract_dl\lib.py - INFO - 2020-10-29 01:36:03,136 - 处理结束

D:\contract_dl\lib.py - INFO - 2020-10-29 01:36:03,585 - 处理合同： CON200800574
D:\contract_dl\lib.py - INFO - 2020-10-29 01:36:05,539 - 下载：豫MHC144特约.pdf
D:\contract_dl\lib.py - INFO - 2020-10-29 01:36:06,070 - 下载：6639发票.jpg
D:\contract_dl\lib.py - INFO - 2020-10-29 01:36:06,752 - 下载：6639登记证书 (1).jpg
D:\contract_dl\lib.py - INFO - 2020-10-29 01:36:07,201 - 下载：6639登记证书 (2).jpg
D:\contract_dl\lib.py - INFO - 2020-10-29 01:36:07,717 - 处理结束

D:\contract_dl\lib.py - INFO - 2020-10-29 01:36:08,022 - 处理合同： CON200800575
D:\contract_dl\lib.py - INFO - 2020-10-29 01:36:09,700 - 下载：豫MGN344特约.pdf
D:\contract_dl\lib.py - INFO - 2020-10-29 01:36:10,230 - 下载：6522登记证书 (1).jpg
D:\contract_dl\lib.py - INFO - 2020-10-29 01:36:10,629 - 下载：6522发票.jpg
D:\contract_dl\lib.py - INFO - 2020-10-29 01:36:11,420 - 下载：6522登记证书 (2).jpg
D:\contract_dl\lib.py - INFO - 2020-10-29 01:36:11,867 - 处理结束

D:\contract_dl\lib.py - INFO - 2020-10-29 01:36:12,215 - 处理合同： CON200800862
D:\contract_dl\lib.py - INFO - 2020-10-29 01:36:13,818 - 下载：朱文才批单.pdf
D:\contract_dl\lib.py - INFO - 2020-10-29 01:36:14,200 - 下载：朱文才产证 (1).jpg
D:\contract_dl\lib.py - INFO - 2020-10-29 01:36:14,613 - 下载：朱文才产证.jpg
D:\contract_dl\lib.py - WARNING - 2020-10-29 01:36:15,407 - 发票按钮处无相关文件： CON200800862
D:\contract_dl\lib.py - INFO - 2020-10-29 01:36:15,407 - 处理结束

D:\contract_dl\lib.py - INFO - 2020-10-29 01:36:15,726 - 处理合同： CON191100125
D:\contract_dl\lib.py - INFO - 2020-10-29 01:36:17,342 - 下载：登记证书2.jpg
D:\contract_dl\lib.py - INFO - 2020-10-29 01:36:18,600 - 下载：登记证书1.jpg
D:\contract_dl\lib.py - INFO - 2020-10-29 01:36:20,145 - 下载：CON191100125.jpg
D:\contract_dl\lib.py - INFO - 2020-10-29 01:36:22,105 - 处理结束

D:\contract_dl\lib.py - INFO - 2020-10-29 01:36:22,535 - 处理合同： CON200700599
D:\contract_dl\lib.py - INFO - 2020-10-29 01:36:29,767 - 处理合同： CON190300049
D:\contract_dl\lib.py - INFO - 2020-10-29 01:36:31,669 - 下载：杨颖-登记证1.jpg
D:\contract_dl\lib.py - INFO - 2020-10-29 01:36:33,416 - 下载：杨颖-登记证2.jpg
D:\contract_dl\lib.py - INFO - 2020-10-29 01:36:35,446 - 下载：杨颖-大票.pdf
D:\contract_dl\lib.py - INFO - 2020-10-29 01:36:35,600 - 处理结束

D:\contract_dl\lib.py - INFO - 2020-10-29 01:36:36,044 - 处理合同： CON190900950
D:\contract_dl\lib.py - WARNING - 2020-10-29 01:36:37,699 - 合同无相关文件： CON190900950
D:\contract_dl\lib.py - INFO - 2020-10-29 01:36:37,700 - 处理结束

D:\contract_dl\lib.py - INFO - 2020-10-29 01:36:38,164 - 处理合同： CON200600019
D:\contract_dl\lib.py - INFO - 2020-10-29 01:36:39,785 - 下载：赵玉红产证1.JPG
D:\contract_dl\lib.py - INFO - 2020-10-29 01:36:41,067 - 下载：发票.jpg
D:\contract_dl\lib.py - INFO - 2020-10-29 01:36:41,651 - 下载：赵玉红产证2.JPG
D:\contract_dl\lib.py - INFO - 2020-10-29 01:36:43,161 - 处理结束

D:\contract_dl\lib.py - INFO - 2020-10-29 01:36:43,574 - 处理合同： CON200400135
D:\contract_dl\lib.py - INFO - 2020-10-29 01:36:45,277 - 下载：产证信息页2.jpg
D:\contract_dl\lib.py - INFO - 2020-10-29 01:36:46,900 - 下载：产证信息页1.jpg
D:\contract_dl\lib.py - INFO - 2020-10-29 01:36:48,794 - 下载：发票.jpg
D:\contract_dl\lib.py - INFO - 2020-10-29 01:36:49,888 - 处理结束

D:\contract_dl\lib.py - INFO - 2020-10-29 01:36:50,332 - 处理合同： CON200901658
D:\contract_dl\lib.py - INFO - 2020-10-29 01:37:25,001 - 处理合同： CON190300049
D:\contract_dl\lib.py - INFO - 2020-10-29 01:37:26,777 - 下载：杨颖-登记证1.jpg
D:\contract_dl\lib.py - INFO - 2020-10-29 01:37:28,559 - 下载：杨颖-登记证2.jpg
D:\contract_dl\lib.py - INFO - 2020-10-29 01:37:30,475 - 下载：杨颖-大票.pdf
D:\contract_dl\lib.py - INFO - 2020-10-29 01:37:30,635 - 处理结束

D:\contract_dl\lib.py - INFO - 2020-10-29 01:37:30,993 - 处理合同： CON190900950
D:\contract_dl\lib.py - WARNING - 2020-10-29 01:37:32,666 - 合同无相关文件： CON190900950
D:\contract_dl\lib.py - INFO - 2020-10-29 01:37:32,667 - 处理结束

D:\contract_dl\lib.py - INFO - 2020-10-29 01:37:32,978 - 处理合同： CON200600019
D:\contract_dl\lib.py - INFO - 2020-10-29 01:37:34,703 - 下载：赵玉红产证1.JPG
D:\contract_dl\lib.py - INFO - 2020-10-29 01:37:36,121 - 下载：发票.jpg
D:\contract_dl\lib.py - INFO - 2020-10-29 01:37:36,795 - 下载：赵玉红产证2.JPG
D:\contract_dl\lib.py - INFO - 2020-10-29 01:37:38,097 - 处理结束

D:\contract_dl\lib.py - INFO - 2020-10-29 01:37:38,561 - 处理合同： CON200400135
D:\contract_dl\lib.py - INFO - 2020-10-29 01:37:40,236 - 下载：产证信息页2.jpg
D:\contract_dl\lib.py - INFO - 2020-10-29 01:37:41,998 - 下载：产证信息页1.jpg
D:\contract_dl\lib.py - INFO - 2020-10-29 01:37:43,764 - 下载：发票.jpg
D:\contract_dl\lib.py - INFO - 2020-10-29 01:37:44,823 - 处理结束

D:\contract_dl\lib.py - INFO - 2020-10-29 01:37:45,159 - 处理合同： CON200901658
D:\contract_dl\lib.py - INFO - 2020-10-29 01:37:46,785 - 下载：CON200901658.jpg
D:\contract_dl\lib.py - INFO - 2020-10-29 01:37:48,837 - 下载：张群产证 (1).jpg
D:\contract_dl\lib.py - INFO - 2020-10-29 01:37:49,339 - 下载：张群产证 (2).jpg
D:\contract_dl\lib.py - INFO - 2020-10-29 01:37:49,947 - 处理结束

D:\contract_dl\lib.py - INFO - 2020-10-29 01:37:50,291 - 处理合同： CON191200438
D:\contract_dl\lib.py - INFO - 2020-10-29 01:37:51,855 - 下载：廖峥焱发票.jpg
D:\contract_dl\lib.py - INFO - 2020-10-29 01:37:52,259 - 下载：登记本2.jpg
D:\contract_dl\lib.py - INFO - 2020-10-29 01:37:52,800 - 下载：登记本1.jpg
D:\contract_dl\lib.py - INFO - 2020-10-29 01:37:53,379 - 处理结束

D:\contract_dl\lib.py - INFO - 2020-10-29 01:37:53,798 - 处理合同： CON190400137
D:\contract_dl\lib.py - INFO - 2020-10-29 01:37:55,359 - 下载：产证2.jpg
D:\contract_dl\lib.py - INFO - 2020-10-29 01:37:56,225 - 下载：发票.jpg
D:\contract_dl\lib.py - INFO - 2020-10-29 01:37:56,875 - 下载：王启程35609-黄石.jpg
D:\contract_dl\lib.py - INFO - 2020-10-29 01:37:59,927 - 下载：产证1.jpg
D:\contract_dl\lib.py - INFO - 2020-10-29 01:38:01,187 - 处理结束

D:\contract_dl\lib.py - INFO - 2020-10-29 01:38:01,633 - 处理合同： CON191200713
D:\contract_dl\lib.py - INFO - 2020-10-29 01:38:03,270 - 下载：发票.jpg
D:\contract_dl\lib.py - INFO - 2020-10-29 01:38:05,507 - 下载：登记本1.jpg
D:\contract_dl\lib.py - INFO - 2020-10-29 01:38:06,897 - 下载：登记本2.jpg
D:\contract_dl\lib.py - INFO - 2020-10-29 01:38:07,841 - 处理结束

D:\contract_dl\lib.py - INFO - 2020-10-29 01:38:08,168 - 处理合同： CON200700233
D:\contract_dl\lib.py - INFO - 2020-10-29 01:38:09,813 - 下载：产证1.jpg
D:\contract_dl\lib.py - INFO - 2020-10-29 01:38:10,897 - 下载：AWUHC25Y1420B008581C.pdf
D:\contract_dl\lib.py - INFO - 2020-10-29 01:38:11,401 - 下载：钱程78485-武汉.jpg
D:\contract_dl\lib.py - INFO - 2020-10-29 01:38:13,769 - 下载：钱程.pdf
D:\contract_dl\lib.py - INFO - 2020-10-29 01:38:14,229 - 下载：发票.jpg
D:\contract_dl\lib.py - INFO - 2020-10-29 01:38:15,268 - 下载：产证2.jpg
D:\contract_dl\lib.py - INFO - 2020-10-29 01:38:16,284 - 处理结束

D:\contract_dl\lib.py - INFO - 2020-10-29 01:38:16,717 - 处理合同： CON190900420_1
D:\contract_dl\lib.py - INFO - 2020-10-29 01:38:18,311 - 下载：左聪田产证.jpg
D:\contract_dl\lib.py - INFO - 2020-10-29 01:38:18,863 - 下载：左聪田产证 (1).jpg
D:\contract_dl\lib.py - WARNING - 2020-10-29 01:38:19,517 - 发票按钮处无相关文件： CON190900420_1
D:\contract_dl\lib.py - INFO - 2020-10-29 01:38:19,517 - 处理结束

